<?xml version="1.0" encoding="UTF-8"?>
<testsuites>
  <testsuite name="Ebay Product Search" timestamp="2021-02-26T22:31:57" time="51.842" tests="4" failures="0" errors="0" skipped="0">
    <properties>
      <property name="specId" value="0"/>
      <property name="suiteName" value="Ebay Product Search"/>
      <property name="capabilities" value="chrome.88_0_4324_150.windows"/>
      <property name="file" value="./test/specs/search.js"/>
    </properties>
    <testcase classname="chrome.88_0_4324_150.windows.Ebay Product Search" name="should open the main url and verify the title" time="4.913">
      <system-out><![CDATA[
COMMAND: POST /session/eb0e2807ec928af64ddd6a56d2b7f6a715d0db6d/window/current/maximize - {}
RESULT: {}
COMMAND: POST /session/eb0e2807ec928af64ddd6a56d2b7f6a715d0db6d/url - {"url":"https://www.ebay.com/"}
RESULT: {"url":"https://www.ebay.com/"}
COMMAND: GET /session/eb0e2807ec928af64ddd6a56d2b7f6a715d0db6d/title - {}
RESULT: {}
]]></system-out>
    </testcase>
    <testcase classname="chrome.88_0_4324_150.windows.Ebay Product Search" name="should search for a product and verify the sarch text value" time="45.794">
      <system-out><![CDATA[
COMMAND: POST /session/eb0e2807ec928af64ddd6a56d2b7f6a715d0db6d/window/current/maximize - {}
RESULT: {}
COMMAND: POST /session/eb0e2807ec928af64ddd6a56d2b7f6a715d0db6d/element - {"using":"css selector","value":"#gh-ac"}
RESULT: {"using":"css selector","value":"#gh-ac"}
COMMAND: POST /session/eb0e2807ec928af64ddd6a56d2b7f6a715d0db6d/element/0/value - {"value":["L","a","p","t","o","p"]}
RESULT: {"value":["L","a","p","t","o","p"]}
COMMAND: POST /session/eb0e2807ec928af64ddd6a56d2b7f6a715d0db6d/element - {"using":"css selector","value":"#gh-btn"}
RESULT: {"using":"css selector","value":"#gh-btn"}
COMMAND: POST /session/eb0e2807ec928af64ddd6a56d2b7f6a715d0db6d/element/1/click - {}
RESULT: {}
COMMAND: POST /session/eb0e2807ec928af64ddd6a56d2b7f6a715d0db6d/element - {"using":"css selector","value":"#gh-ac"}
RESULT: {"using":"css selector","value":"#gh-ac"}
COMMAND: POST /session/eb0e2807ec928af64ddd6a56d2b7f6a715d0db6d/execute - {"script":"return (function getProperty(element, property) {\n    return element[property];\n}).apply(null, arguments)","args":[{"ELEMENT":"2"},"value"]}
RESULT: {"script":"return (function getProperty(element, property) {\n    return element[property];\n}).apply(null, arguments)","args":[{"ELEMENT":"2"},"value"]}
]]></system-out>
    </testcase>
    <testcase classname="chrome.88_0_4324_150.windows.Ebay Product Search" name="should redirect to a new page and verify the title" time="0.248">
      <system-out><![CDATA[
COMMAND: POST /session/eb0e2807ec928af64ddd6a56d2b7f6a715d0db6d/window/current/maximize - {}
RESULT: {}
COMMAND: GET /session/eb0e2807ec928af64ddd6a56d2b7f6a715d0db6d/title - {}
RESULT: {}
]]></system-out>
    </testcase>
    <testcase classname="chrome.88_0_4324_150.windows.Ebay Product Search" name="should update the search category" time="0.872">
      <system-out><![CDATA[
COMMAND: POST /session/eb0e2807ec928af64ddd6a56d2b7f6a715d0db6d/window/current/maximize - {}
RESULT: {}
COMMAND: POST /session/eb0e2807ec928af64ddd6a56d2b7f6a715d0db6d/element - {"using":"css selector","value":"#gh-cat option:nth-child(1)"}
RESULT: {"using":"css selector","value":"#gh-cat option:nth-child(1)"}
COMMAND: GET /session/eb0e2807ec928af64ddd6a56d2b7f6a715d0db6d/element/3/text - {}
RESULT: {}
COMMAND: POST /session/eb0e2807ec928af64ddd6a56d2b7f6a715d0db6d/element - {"using":"css selector","value":"#gh-cat option:nth-child(1)"}
RESULT: {"using":"css selector","value":"#gh-cat option:nth-child(1)"}
COMMAND: GET /session/eb0e2807ec928af64ddd6a56d2b7f6a715d0db6d/element/3/text - {}
RESULT: {}
COMMAND: DELETE /session/eb0e2807ec928af64ddd6a56d2b7f6a715d0db6d - {}
RESULT: {}
]]></system-out>
    </testcase>
  </testsuite>
</testsuites>