<?xml version="1.0" encoding="UTF-8"?>
<testsuites>
  <testsuite name="Ebay Product Search" timestamp="2021-02-26T22:31:59" time="10.299" tests="4" failures="0" errors="0" skipped="0">
    <properties>
      <property name="specId" value="0"/>
      <property name="suiteName" value="Ebay Product Search"/>
      <property name="capabilities" value="firefox.85_0.windows"/>
      <property name="file" value="./test/specs/search.js"/>
    </properties>
    <testcase classname="firefox.85_0.windows.Ebay Product Search" name="should open the main url and verify the title" time="3.148">
      <system-out><![CDATA[
COMMAND: POST /session/afba90e429f689e0fb6253674a3e4ff1d7818c5b/window/maximize - {}
RESULT: {}
COMMAND: POST /session/afba90e429f689e0fb6253674a3e4ff1d7818c5b/url - {"url":"https://www.ebay.com/"}
RESULT: {"url":"https://www.ebay.com/"}
COMMAND: GET /session/afba90e429f689e0fb6253674a3e4ff1d7818c5b/title - {}
RESULT: {}
]]></system-out>
    </testcase>
    <testcase classname="firefox.85_0.windows.Ebay Product Search" name="should search for a product and verify the sarch text value" time="5.733">
      <system-out><![CDATA[
COMMAND: POST /session/afba90e429f689e0fb6253674a3e4ff1d7818c5b/window/maximize - {}
RESULT: {}
COMMAND: POST /session/afba90e429f689e0fb6253674a3e4ff1d7818c5b/element - {"using":"css selector","value":"#gh-ac"}
RESULT: {"using":"css selector","value":"#gh-ac"}
COMMAND: POST /session/afba90e429f689e0fb6253674a3e4ff1d7818c5b/element/091a8231-d874-4df3-b4d5-b50ce03994aa/value - {"text":"Laptop"}
RESULT: {"text":"Laptop"}
COMMAND: POST /session/afba90e429f689e0fb6253674a3e4ff1d7818c5b/element - {"using":"css selector","value":"#gh-btn"}
RESULT: {"using":"css selector","value":"#gh-btn"}
COMMAND: POST /session/afba90e429f689e0fb6253674a3e4ff1d7818c5b/element/8e7fb20d-1d71-419c-8a61-c17335f155a1/click - {}
RESULT: {}
COMMAND: POST /session/afba90e429f689e0fb6253674a3e4ff1d7818c5b/element - {"using":"css selector","value":"#gh-ac"}
RESULT: {"using":"css selector","value":"#gh-ac"}
COMMAND: GET /session/afba90e429f689e0fb6253674a3e4ff1d7818c5b/element/510fa2fd-5951-4c16-92ab-cbe60fd9e202/property/value - {}
RESULT: {}
]]></system-out>
    </testcase>
    <testcase classname="firefox.85_0.windows.Ebay Product Search" name="should redirect to a new page and verify the title" time="0.409">
      <system-out><![CDATA[
COMMAND: POST /session/afba90e429f689e0fb6253674a3e4ff1d7818c5b/window/maximize - {}
RESULT: {}
COMMAND: GET /session/afba90e429f689e0fb6253674a3e4ff1d7818c5b/title - {}
RESULT: {}
]]></system-out>
    </testcase>
    <testcase classname="firefox.85_0.windows.Ebay Product Search" name="should update the search category" time="0.999">
      <system-out><![CDATA[
COMMAND: POST /session/afba90e429f689e0fb6253674a3e4ff1d7818c5b/window/maximize - {}
RESULT: {}
COMMAND: POST /session/afba90e429f689e0fb6253674a3e4ff1d7818c5b/element - {"using":"css selector","value":"#gh-cat option:nth-child(1)"}
RESULT: {"using":"css selector","value":"#gh-cat option:nth-child(1)"}
COMMAND: GET /session/afba90e429f689e0fb6253674a3e4ff1d7818c5b/element/204f2d15-825c-47d3-ae1d-1d6f6eda1834/text - {}
RESULT: {}
COMMAND: POST /session/afba90e429f689e0fb6253674a3e4ff1d7818c5b/element - {"using":"css selector","value":"#gh-cat option:nth-child(1)"}
RESULT: {"using":"css selector","value":"#gh-cat option:nth-child(1)"}
COMMAND: GET /session/afba90e429f689e0fb6253674a3e4ff1d7818c5b/element/204f2d15-825c-47d3-ae1d-1d6f6eda1834/text - {}
RESULT: {}
COMMAND: DELETE /session/afba90e429f689e0fb6253674a3e4ff1d7818c5b - {}
RESULT: {}
]]></system-out>
    </testcase>
  </testsuite>
</testsuites>